%!Adobe-FontList 1.22
%Locale:0x809

%BeginFont
Handler:DirectoryHandler
FontType:TrueType
FontName:Calibri-Bold
FamilyName:Calibri
StyleName:Bold
FullName:Calibri Bold
MenuName:Calibri
StyleBits:2
WritingScript:Roman
OutlineFileName:C:\Users\rirob\OneDrive\Desktop\Tank 1971\Tank1971\Tank1971\Font\Calibri Bold.TTF
DataFormat:sfntData
hasSVG:no
VariableFontType:NonVariableFont
FileLength:849640
FileModTime:1468988802
WeightClass:700
WidthClass:5
AngleClass:0
NameArray:0,Mac,4,Calibri Bold
NameArray:0,Win,1,Calibri
%EndFont

